[2024-11-14 13:11:43] local.ERROR: Class "Illuminate\Support\Facedes\Hash" not found {"exception":"[object] (Error(code: 0): Class \"Illuminate\\Support\\Facedes\\Hash\" not found at C:\\xampp\\htdocs\\RekWeb\\Prak3\\wisata\\database\\seeders\\UsersTableSeeder.php:21)
[stacktrace]
#0 C:\\xampp\\htdocs\\RekWeb\\Prak3\\wisata\\vendor\\illuminate\\container\\BoundMethod.php(36): Database\\Seeders\\UsersTableSeeder->run()
#1 C:\\xampp\\htdocs\\RekWeb\\Prak3\\wisata\\vendor\\illuminate\\container\\Util.php(41): Illuminate\\Container\\BoundMethod::Illuminate\\Container\\{closure}()
#2 C:\\xampp\\htdocs\\RekWeb\\Prak3\\wisata\\vendor\\illuminate\\container\\BoundMethod.php(93): Illuminate\\Container\\Util::unwrapIfClosure()
#3 C:\\xampp\\htdocs\\RekWeb\\Prak3\\wisata\\vendor\\illuminate\\container\\BoundMethod.php(35): Illuminate\\Container\\BoundMethod::callBoundMethod()
#4 C:\\xampp\\htdocs\\RekWeb\\Prak3\\wisata\\vendor\\illuminate\\container\\Container.php(662): Illuminate\\Container\\BoundMethod::call()
#5 C:\\xampp\\htdocs\\RekWeb\\Prak3\\wisata\\vendor\\illuminate\\database\\Seeder.php(184): Illuminate\\Container\\Container->call()
#6 C:\\xampp\\htdocs\\RekWeb\\Prak3\\wisata\\vendor\\illuminate\\database\\Seeder.php(193): Illuminate\\Database\\Seeder->Illuminate\\Database\\{closure}()
#7 C:\\xampp\\htdocs\\RekWeb\\Prak3\\wisata\\vendor\\illuminate\\database\\Console\\Seeds\\SeedCommand.php(70): Illuminate\\Database\\Seeder->__invoke()
#8 C:\\xampp\\htdocs\\RekWeb\\Prak3\\wisata\\vendor\\illuminate\\database\\Eloquent\\Concerns\\GuardsAttributes.php(155): Illuminate\\Database\\Console\\Seeds\\SeedCommand->Illuminate\\Database\\Console\\Seeds\\{closure}()
#9 C:\\xampp\\htdocs\\RekWeb\\Prak3\\wisata\\vendor\\illuminate\\database\\Console\\Seeds\\SeedCommand.php(69): Illuminate\\Database\\Eloquent\\Model::unguarded()
#10 C:\\xampp\\htdocs\\RekWeb\\Prak3\\wisata\\vendor\\illuminate\\container\\BoundMethod.php(36): Illuminate\\Database\\Console\\Seeds\\SeedCommand->handle()
#11 C:\\xampp\\htdocs\\RekWeb\\Prak3\\wisata\\vendor\\illuminate\\container\\Util.php(41): Illuminate\\Container\\BoundMethod::Illuminate\\Container\\{closure}()
#12 C:\\xampp\\htdocs\\RekWeb\\Prak3\\wisata\\vendor\\illuminate\\container\\BoundMethod.php(93): Illuminate\\Container\\Util::unwrapIfClosure()
#13 C:\\xampp\\htdocs\\RekWeb\\Prak3\\wisata\\vendor\\illuminate\\container\\BoundMethod.php(35): Illuminate\\Container\\BoundMethod::callBoundMethod()
#14 C:\\xampp\\htdocs\\RekWeb\\Prak3\\wisata\\vendor\\illuminate\\container\\Container.php(662): Illuminate\\Container\\BoundMethod::call()
#15 C:\\xampp\\htdocs\\RekWeb\\Prak3\\wisata\\vendor\\illuminate\\console\\Command.php(211): Illuminate\\Container\\Container->call()
#16 C:\\xampp\\htdocs\\RekWeb\\Prak3\\wisata\\vendor\\symfony\\console\\Command\\Command.php(326): Illuminate\\Console\\Command->execute()
#17 C:\\xampp\\htdocs\\RekWeb\\Prak3\\wisata\\vendor\\illuminate\\console\\Command.php(180): Symfony\\Component\\Console\\Command\\Command->run()
#18 C:\\xampp\\htdocs\\RekWeb\\Prak3\\wisata\\vendor\\symfony\\console\\Application.php(1078): Illuminate\\Console\\Command->run()
#19 C:\\xampp\\htdocs\\RekWeb\\Prak3\\wisata\\vendor\\symfony\\console\\Application.php(324): Symfony\\Component\\Console\\Application->doRunCommand()
#20 C:\\xampp\\htdocs\\RekWeb\\Prak3\\wisata\\vendor\\symfony\\console\\Application.php(175): Symfony\\Component\\Console\\Application->doRun()
#21 C:\\xampp\\htdocs\\RekWeb\\Prak3\\wisata\\vendor\\laravel\\lumen-framework\\src\\Console\\Kernel.php(160): Symfony\\Component\\Console\\Application->run()
#22 C:\\xampp\\htdocs\\RekWeb\\Prak3\\wisata\\artisan(35): Laravel\\Lumen\\Console\\Kernel->handle()
#23 {main}
"} 
[2024-11-14 19:28:28] local.ERROR: SQLSTATE[HY000]: General error: 1364 Field 'kota' doesn't have a default value (Connection: mysql, SQL: insert into `wisata` () values ()) {"exception":"[object] (Illuminate\\Database\\QueryException(code: HY000): SQLSTATE[HY000]: General error: 1364 Field 'kota' doesn't have a default value (Connection: mysql, SQL: insert into `wisata` () values ()) at C:\\xampp\\htdocs\\RekWeb\\Prak3\\wisata\\vendor\\illuminate\\database\\Connection.php:829)
[stacktrace]
#0 C:\\xampp\\htdocs\\RekWeb\\Prak3\\wisata\\vendor\\illuminate\\database\\Connection.php(783): Illuminate\\Database\\Connection->runQueryCallback()
#1 C:\\xampp\\htdocs\\RekWeb\\Prak3\\wisata\\vendor\\illuminate\\database\\MySqlConnection.php(34): Illuminate\\Database\\Connection->run()
#2 C:\\xampp\\htdocs\\RekWeb\\Prak3\\wisata\\vendor\\illuminate\\database\\Query\\Processors\\MySqlProcessor.php(35): Illuminate\\Database\\MySqlConnection->insert()
#3 C:\\xampp\\htdocs\\RekWeb\\Prak3\\wisata\\vendor\\illuminate\\database\\Query\\Builder.php(3549): Illuminate\\Database\\Query\\Processors\\MySqlProcessor->processInsertGetId()
#4 C:\\xampp\\htdocs\\RekWeb\\Prak3\\wisata\\vendor\\illuminate\\database\\Eloquent\\Builder.php(1982): Illuminate\\Database\\Query\\Builder->insertGetId()
#5 C:\\xampp\\htdocs\\RekWeb\\Prak3\\wisata\\vendor\\illuminate\\database\\Eloquent\\Model.php(1334): Illuminate\\Database\\Eloquent\\Builder->__call()
#6 C:\\xampp\\htdocs\\RekWeb\\Prak3\\wisata\\vendor\\illuminate\\database\\Eloquent\\Model.php(1299): Illuminate\\Database\\Eloquent\\Model->insertAndSetId()
#7 C:\\xampp\\htdocs\\RekWeb\\Prak3\\wisata\\vendor\\illuminate\\database\\Eloquent\\Model.php(1138): Illuminate\\Database\\Eloquent\\Model->performInsert()
#8 C:\\xampp\\htdocs\\RekWeb\\Prak3\\wisata\\vendor\\illuminate\\database\\Eloquent\\Builder.php(1025): Illuminate\\Database\\Eloquent\\Model->save()
#9 C:\\xampp\\htdocs\\RekWeb\\Prak3\\wisata\\vendor\\illuminate\\support\\helpers.php(307): Illuminate\\Database\\Eloquent\\Builder->Illuminate\\Database\\Eloquent\\{closure}()
#10 C:\\xampp\\htdocs\\RekWeb\\Prak3\\wisata\\vendor\\illuminate\\database\\Eloquent\\Builder.php(1024): tap()
#11 C:\\xampp\\htdocs\\RekWeb\\Prak3\\wisata\\vendor\\illuminate\\support\\Traits\\ForwardsCalls.php(23): Illuminate\\Database\\Eloquent\\Builder->create()
#12 C:\\xampp\\htdocs\\RekWeb\\Prak3\\wisata\\vendor\\illuminate\\database\\Eloquent\\Model.php(2335): Illuminate\\Database\\Eloquent\\Model->forwardCallTo()
#13 C:\\xampp\\htdocs\\RekWeb\\Prak3\\wisata\\vendor\\illuminate\\database\\Eloquent\\Model.php(2347): Illuminate\\Database\\Eloquent\\Model->__call()
#14 C:\\xampp\\htdocs\\RekWeb\\Prak3\\wisata\\app\\Http\\Controllers\\WisataController.php(26): Illuminate\\Database\\Eloquent\\Model::__callStatic()
#15 C:\\xampp\\htdocs\\RekWeb\\Prak3\\wisata\\vendor\\illuminate\\container\\BoundMethod.php(36): App\\Http\\Controllers\\WisataController->create()
#16 C:\\xampp\\htdocs\\RekWeb\\Prak3\\wisata\\vendor\\illuminate\\container\\Util.php(41): Illuminate\\Container\\BoundMethod::Illuminate\\Container\\{closure}()
#17 C:\\xampp\\htdocs\\RekWeb\\Prak3\\wisata\\vendor\\illuminate\\container\\BoundMethod.php(93): Illuminate\\Container\\Util::unwrapIfClosure()
#18 C:\\xampp\\htdocs\\RekWeb\\Prak3\\wisata\\vendor\\illuminate\\container\\BoundMethod.php(35): Illuminate\\Container\\BoundMethod::callBoundMethod()
#19 C:\\xampp\\htdocs\\RekWeb\\Prak3\\wisata\\vendor\\illuminate\\container\\Container.php(662): Illuminate\\Container\\BoundMethod::call()
#20 C:\\xampp\\htdocs\\RekWeb\\Prak3\\wisata\\vendor\\laravel\\lumen-framework\\src\\Concerns\\RoutesRequests.php(391): Illuminate\\Container\\Container->call()
#21 C:\\xampp\\htdocs\\RekWeb\\Prak3\\wisata\\vendor\\laravel\\lumen-framework\\src\\Concerns\\RoutesRequests.php(376): Laravel\\Lumen\\Application->callControllerCallable()
#22 C:\\xampp\\htdocs\\RekWeb\\Prak3\\wisata\\vendor\\laravel\\lumen-framework\\src\\Routing\\Pipeline.php(48): Laravel\\Lumen\\Application->Laravel\\Lumen\\Concerns\\{closure}()
#23 C:\\xampp\\htdocs\\RekWeb\\Prak3\\wisata\\app\\Http\\Middleware\\Authenticate.php(42): Laravel\\Lumen\\Routing\\Pipeline->Laravel\\Lumen\\Routing\\{closure}()
#24 C:\\xampp\\htdocs\\RekWeb\\Prak3\\wisata\\vendor\\illuminate\\pipeline\\Pipeline.php(183): App\\Http\\Middleware\\Authenticate->handle()
#25 C:\\xampp\\htdocs\\RekWeb\\Prak3\\wisata\\vendor\\laravel\\lumen-framework\\src\\Routing\\Pipeline.php(30): Illuminate\\Pipeline\\Pipeline->Illuminate\\Pipeline\\{closure}()
#26 C:\\xampp\\htdocs\\RekWeb\\Prak3\\wisata\\vendor\\illuminate\\pipeline\\Pipeline.php(119): Laravel\\Lumen\\Routing\\Pipeline->Laravel\\Lumen\\Routing\\{closure}()
#27 C:\\xampp\\htdocs\\RekWeb\\Prak3\\wisata\\vendor\\laravel\\lumen-framework\\src\\Concerns\\RoutesRequests.php(428): Illuminate\\Pipeline\\Pipeline->then()
#28 C:\\xampp\\htdocs\\RekWeb\\Prak3\\wisata\\vendor\\laravel\\lumen-framework\\src\\Concerns\\RoutesRequests.php(375): Laravel\\Lumen\\Application->sendThroughPipeline()
#29 C:\\xampp\\htdocs\\RekWeb\\Prak3\\wisata\\vendor\\laravel\\lumen-framework\\src\\Concerns\\RoutesRequests.php(352): Laravel\\Lumen\\Application->callLumenControllerWithMiddleware()
#30 C:\\xampp\\htdocs\\RekWeb\\Prak3\\wisata\\vendor\\laravel\\lumen-framework\\src\\Concerns\\RoutesRequests.php(331): Laravel\\Lumen\\Application->callLumenController()
#31 C:\\xampp\\htdocs\\RekWeb\\Prak3\\wisata\\vendor\\laravel\\lumen-framework\\src\\Concerns\\RoutesRequests.php(284): Laravel\\Lumen\\Application->callControllerAction()
#32 C:\\xampp\\htdocs\\RekWeb\\Prak3\\wisata\\vendor\\laravel\\lumen-framework\\src\\Concerns\\RoutesRequests.php(269): Laravel\\Lumen\\Application->callActionOnArrayBasedRoute()
#33 C:\\xampp\\htdocs\\RekWeb\\Prak3\\wisata\\vendor\\laravel\\lumen-framework\\src\\Concerns\\RoutesRequests.php(171): Laravel\\Lumen\\Application->handleFoundRoute()
#34 C:\\xampp\\htdocs\\RekWeb\\Prak3\\wisata\\vendor\\laravel\\lumen-framework\\src\\Concerns\\RoutesRequests.php(431): Laravel\\Lumen\\Application->Laravel\\Lumen\\Concerns\\{closure}()
#35 C:\\xampp\\htdocs\\RekWeb\\Prak3\\wisata\\vendor\\laravel\\lumen-framework\\src\\Concerns\\RoutesRequests.php(167): Laravel\\Lumen\\Application->sendThroughPipeline()
#36 C:\\xampp\\htdocs\\RekWeb\\Prak3\\wisata\\vendor\\laravel\\lumen-framework\\src\\Concerns\\RoutesRequests.php(112): Laravel\\Lumen\\Application->dispatch()
#37 C:\\xampp\\htdocs\\RekWeb\\Prak3\\wisata\\public\\index.php(28): Laravel\\Lumen\\Application->run()
#38 {main}

[previous exception] [object] (PDOException(code: HY000): SQLSTATE[HY000]: General error: 1364 Field 'kota' doesn't have a default value at C:\\xampp\\htdocs\\RekWeb\\Prak3\\wisata\\vendor\\illuminate\\database\\MySqlConnection.php:45)
[stacktrace]
#0 C:\\xampp\\htdocs\\RekWeb\\Prak3\\wisata\\vendor\\illuminate\\database\\MySqlConnection.php(45): PDOStatement->execute()
#1 C:\\xampp\\htdocs\\RekWeb\\Prak3\\wisata\\vendor\\illuminate\\database\\Connection.php(816): Illuminate\\Database\\MySqlConnection->Illuminate\\Database\\{closure}()
#2 C:\\xampp\\htdocs\\RekWeb\\Prak3\\wisata\\vendor\\illuminate\\database\\Connection.php(783): Illuminate\\Database\\Connection->runQueryCallback()
#3 C:\\xampp\\htdocs\\RekWeb\\Prak3\\wisata\\vendor\\illuminate\\database\\MySqlConnection.php(34): Illuminate\\Database\\Connection->run()
#4 C:\\xampp\\htdocs\\RekWeb\\Prak3\\wisata\\vendor\\illuminate\\database\\Query\\Processors\\MySqlProcessor.php(35): Illuminate\\Database\\MySqlConnection->insert()
#5 C:\\xampp\\htdocs\\RekWeb\\Prak3\\wisata\\vendor\\illuminate\\database\\Query\\Builder.php(3549): Illuminate\\Database\\Query\\Processors\\MySqlProcessor->processInsertGetId()
#6 C:\\xampp\\htdocs\\RekWeb\\Prak3\\wisata\\vendor\\illuminate\\database\\Eloquent\\Builder.php(1982): Illuminate\\Database\\Query\\Builder->insertGetId()
#7 C:\\xampp\\htdocs\\RekWeb\\Prak3\\wisata\\vendor\\illuminate\\database\\Eloquent\\Model.php(1334): Illuminate\\Database\\Eloquent\\Builder->__call()
#8 C:\\xampp\\htdocs\\RekWeb\\Prak3\\wisata\\vendor\\illuminate\\database\\Eloquent\\Model.php(1299): Illuminate\\Database\\Eloquent\\Model->insertAndSetId()
#9 C:\\xampp\\htdocs\\RekWeb\\Prak3\\wisata\\vendor\\illuminate\\database\\Eloquent\\Model.php(1138): Illuminate\\Database\\Eloquent\\Model->performInsert()
#10 C:\\xampp\\htdocs\\RekWeb\\Prak3\\wisata\\vendor\\illuminate\\database\\Eloquent\\Builder.php(1025): Illuminate\\Database\\Eloquent\\Model->save()
#11 C:\\xampp\\htdocs\\RekWeb\\Prak3\\wisata\\vendor\\illuminate\\support\\helpers.php(307): Illuminate\\Database\\Eloquent\\Builder->Illuminate\\Database\\Eloquent\\{closure}()
#12 C:\\xampp\\htdocs\\RekWeb\\Prak3\\wisata\\vendor\\illuminate\\database\\Eloquent\\Builder.php(1024): tap()
#13 C:\\xampp\\htdocs\\RekWeb\\Prak3\\wisata\\vendor\\illuminate\\support\\Traits\\ForwardsCalls.php(23): Illuminate\\Database\\Eloquent\\Builder->create()
#14 C:\\xampp\\htdocs\\RekWeb\\Prak3\\wisata\\vendor\\illuminate\\database\\Eloquent\\Model.php(2335): Illuminate\\Database\\Eloquent\\Model->forwardCallTo()
#15 C:\\xampp\\htdocs\\RekWeb\\Prak3\\wisata\\vendor\\illuminate\\database\\Eloquent\\Model.php(2347): Illuminate\\Database\\Eloquent\\Model->__call()
#16 C:\\xampp\\htdocs\\RekWeb\\Prak3\\wisata\\app\\Http\\Controllers\\WisataController.php(26): Illuminate\\Database\\Eloquent\\Model::__callStatic()
#17 C:\\xampp\\htdocs\\RekWeb\\Prak3\\wisata\\vendor\\illuminate\\container\\BoundMethod.php(36): App\\Http\\Controllers\\WisataController->create()
#18 C:\\xampp\\htdocs\\RekWeb\\Prak3\\wisata\\vendor\\illuminate\\container\\Util.php(41): Illuminate\\Container\\BoundMethod::Illuminate\\Container\\{closure}()
#19 C:\\xampp\\htdocs\\RekWeb\\Prak3\\wisata\\vendor\\illuminate\\container\\BoundMethod.php(93): Illuminate\\Container\\Util::unwrapIfClosure()
#20 C:\\xampp\\htdocs\\RekWeb\\Prak3\\wisata\\vendor\\illuminate\\container\\BoundMethod.php(35): Illuminate\\Container\\BoundMethod::callBoundMethod()
#21 C:\\xampp\\htdocs\\RekWeb\\Prak3\\wisata\\vendor\\illuminate\\container\\Container.php(662): Illuminate\\Container\\BoundMethod::call()
#22 C:\\xampp\\htdocs\\RekWeb\\Prak3\\wisata\\vendor\\laravel\\lumen-framework\\src\\Concerns\\RoutesRequests.php(391): Illuminate\\Container\\Container->call()
#23 C:\\xampp\\htdocs\\RekWeb\\Prak3\\wisata\\vendor\\laravel\\lumen-framework\\src\\Concerns\\RoutesRequests.php(376): Laravel\\Lumen\\Application->callControllerCallable()
#24 C:\\xampp\\htdocs\\RekWeb\\Prak3\\wisata\\vendor\\laravel\\lumen-framework\\src\\Routing\\Pipeline.php(48): Laravel\\Lumen\\Application->Laravel\\Lumen\\Concerns\\{closure}()
#25 C:\\xampp\\htdocs\\RekWeb\\Prak3\\wisata\\app\\Http\\Middleware\\Authenticate.php(42): Laravel\\Lumen\\Routing\\Pipeline->Laravel\\Lumen\\Routing\\{closure}()
#26 C:\\xampp\\htdocs\\RekWeb\\Prak3\\wisata\\vendor\\illuminate\\pipeline\\Pipeline.php(183): App\\Http\\Middleware\\Authenticate->handle()
#27 C:\\xampp\\htdocs\\RekWeb\\Prak3\\wisata\\vendor\\laravel\\lumen-framework\\src\\Routing\\Pipeline.php(30): Illuminate\\Pipeline\\Pipeline->Illuminate\\Pipeline\\{closure}()
#28 C:\\xampp\\htdocs\\RekWeb\\Prak3\\wisata\\vendor\\illuminate\\pipeline\\Pipeline.php(119): Laravel\\Lumen\\Routing\\Pipeline->Laravel\\Lumen\\Routing\\{closure}()
#29 C:\\xampp\\htdocs\\RekWeb\\Prak3\\wisata\\vendor\\laravel\\lumen-framework\\src\\Concerns\\RoutesRequests.php(428): Illuminate\\Pipeline\\Pipeline->then()
#30 C:\\xampp\\htdocs\\RekWeb\\Prak3\\wisata\\vendor\\laravel\\lumen-framework\\src\\Concerns\\RoutesRequests.php(375): Laravel\\Lumen\\Application->sendThroughPipeline()
#31 C:\\xampp\\htdocs\\RekWeb\\Prak3\\wisata\\vendor\\laravel\\lumen-framework\\src\\Concerns\\RoutesRequests.php(352): Laravel\\Lumen\\Application->callLumenControllerWithMiddleware()
#32 C:\\xampp\\htdocs\\RekWeb\\Prak3\\wisata\\vendor\\laravel\\lumen-framework\\src\\Concerns\\RoutesRequests.php(331): Laravel\\Lumen\\Application->callLumenController()
#33 C:\\xampp\\htdocs\\RekWeb\\Prak3\\wisata\\vendor\\laravel\\lumen-framework\\src\\Concerns\\RoutesRequests.php(284): Laravel\\Lumen\\Application->callControllerAction()
#34 C:\\xampp\\htdocs\\RekWeb\\Prak3\\wisata\\vendor\\laravel\\lumen-framework\\src\\Concerns\\RoutesRequests.php(269): Laravel\\Lumen\\Application->callActionOnArrayBasedRoute()
#35 C:\\xampp\\htdocs\\RekWeb\\Prak3\\wisata\\vendor\\laravel\\lumen-framework\\src\\Concerns\\RoutesRequests.php(171): Laravel\\Lumen\\Application->handleFoundRoute()
#36 C:\\xampp\\htdocs\\RekWeb\\Prak3\\wisata\\vendor\\laravel\\lumen-framework\\src\\Concerns\\RoutesRequests.php(431): Laravel\\Lumen\\Application->Laravel\\Lumen\\Concerns\\{closure}()
#37 C:\\xampp\\htdocs\\RekWeb\\Prak3\\wisata\\vendor\\laravel\\lumen-framework\\src\\Concerns\\RoutesRequests.php(167): Laravel\\Lumen\\Application->sendThroughPipeline()
#38 C:\\xampp\\htdocs\\RekWeb\\Prak3\\wisata\\vendor\\laravel\\lumen-framework\\src\\Concerns\\RoutesRequests.php(112): Laravel\\Lumen\\Application->dispatch()
#39 C:\\xampp\\htdocs\\RekWeb\\Prak3\\wisata\\public\\index.php(28): Laravel\\Lumen\\Application->run()
#40 {main}
"} 
